Arguments: 
  C:\Program Files\nodejs\node.exe C:\Users\mappo\AppData\Roaming\npm\node_modules\yarn\bin\yarn.js install

PATH: 
  C:\Ruby32-x64\bin;C:\Program Files\Microsoft\jdk-11.0.16.101-hotspot\bin;C:\Python27\;C:\Python27\Scripts;C:\Python311\Scripts\;C:\Python311\;C:\Python310\Scripts\;C:\Python310\;C:\Windows\system32;C:\Windows;C:\Windows\System32\Wbem;C:\Windows\System32\WindowsPowerShell\v1.0\;C:\Windows\System32\OpenSSH\;C:\Program Files\Git\cmd;C:\Program Files\GitHub CLI\;C:\ProgramData\chocolatey\bin;C:\Program Files\nodejs\;C:\Program Files\Java\jdk1.8.0_211\bin;C:\Program Files\PostgreSQL\15\bin;C:\Users\mappo\AppData\Local\Microsoft\WindowsApps;C:\Users\mappo\AppData\Local\Programs\Microsoft VS Code\bin;C:\Users\mappo\AppData\Local\GitHubDesktop\bin;C:\Users\mappo\AppData\Roaming\npm;C:\Users\mappo\AppData\Local\Android\Sdk\platform-tools

Yarn version: 
  1.22.19

Node version: 
  18.12.1

Platform: 
  win32 x64

Trace: 
  Error: EPERM: operation not permitted, unlink 'E:\Projects\rails\Budget-App\node_modules\@esbuild\win32-x64\esbuild.exe'

npm manifest: 
  {
    "name": "app",
    "private": "true",
    "scripts": {
      "build": "esbuild app/javascript/application.js --bundle --sourcemap --outdir=app/assets/builds --public-path=assets",
      "build:css": "sass ./app/assets/stylesheets/application.bootstrap.scss:./app/assets/builds/application.css --no-source-map --load-path=node_modules"
    },
    "dependencies": {
      "@hotwired/stimulus": "^3.0.1",
      "@hotwired/turbo-rails": "^7.1.0",
      "@popperjs/core": "^2.11.0",
      "bootstrap": "^5.2.3",
      "bootstrap-icons": "^1.10.3",
      "esbuild": "0.17.8",
      "sass": "^1.45.0"
    }
  }

yarn manifest: 
  No manifest

Lockfile: 
  No lockfile
